<?xml version="1.0" encoding="UTF-8"?>
<!-- Generated by org.testng.reporters.JUnitReportReporter -->
<testsuite hostname="Nirmals-MacBook-Pro.local" failures="0" tests="1" name="com.restassured.tests.VerifyDigestAuth" time="3.964" errors="0" timestamp="2022-05-17T22:02:28 IST" skipped="0">
  <testcase classname="com.restassured.tests.VerifyDigestAuth" name="digestAuth" time="3.964"/>
  <system-out/>
</testsuite> <!-- com.restassured.tests.VerifyDigestAuth -->
