<?xml version="1.0" encoding="UTF-8"?>
<!-- Generated by org.testng.reporters.JUnitReportReporter -->
<testsuite hostname="Nirmals-MacBook-Pro.local" failures="0" tests="1" name="com.restassured.tests.VerifyBasicAuth" time="3.831" errors="0" timestamp="2022-05-17T22:02:11 IST" skipped="0">
  <testcase classname="com.restassured.tests.VerifyBasicAuth" name="basicAuth" time="3.831"/>
  <system-out/>
</testsuite> <!-- com.restassured.tests.VerifyBasicAuth -->
